<?xml version="1.0" encoding="UTF-8"?>
<!-- Generated by org.testng.reporters.JUnitReportReporter -->
<testsuite skipped="0" hostname="Алена-ПК" name="Tests" tests="5" failures="0" timestamp="08 мар 2018 19:02:35 GMT" time="89.261" errors="0">
  <testcase name="uncheckWidgets" time="12.752" classname="Tests"/>
  <testcase name="favoriteLocation" time="21.184" classname="Tests"/>
  <testcase name="selectUursAndDaagseWidgets" time="29.593" classname="Tests"/>
  <testcase name="searchLocation" time="22.372" classname="Tests"/>
  <testcase name="showForecastForFortyEightHours" time="3.360" classname="Tests"/>
</testsuite> <!-- Tests -->
